{"/home/gethin/Documents/techtests/static-content-challenge/lib/start.js":{"path":"/home/gethin/Documents/techtests/static-content-challenge/lib/start.js","s":{"1":1,"2":1,"3":1,"4":1,"5":1},"b":{"1":[1,1]},"f":{"1":1},"fnMap":{"1":{"name":"(anonymous_1)","line":4,"loc":{"start":{"line":4,"column":38},"end":{"line":4,"column":61}}}},"statementMap":{"1":{"start":{"line":1,"column":0},"end":{"line":1,"column":35}},"2":{"start":{"line":2,"column":0},"end":{"line":2,"column":27}},"3":{"start":{"line":4,"column":0},"end":{"line":8,"column":3}},"4":{"start":{"line":6,"column":2},"end":{"line":6,"column":25}},"5":{"start":{"line":7,"column":2},"end":{"line":7,"column":61}}},"branchMap":{"1":{"line":4,"type":"binary-expr","locations":[{"start":{"line":4,"column":12},"end":{"line":4,"column":28}},{"start":{"line":4,"column":32},"end":{"line":4,"column":36}}]}}},"/home/gethin/Documents/techtests/static-content-challenge/lib/index.js":{"path":"/home/gethin/Documents/techtests/static-content-challenge/lib/index.js","s":{"1":1,"2":1,"3":1,"4":1,"5":1,"6":1,"7":1,"8":1,"9":1,"10":1,"11":1,"12":0,"13":1,"14":1,"15":1,"16":1},"b":{"1":[0,1]},"f":{"1":1,"2":1,"3":1},"fnMap":{"1":{"name":"(anonymous_1)","line":9,"loc":{"start":{"line":9,"column":15},"end":{"line":9,"column":37}}},"2":{"name":"(anonymous_2)","line":13,"loc":{"start":{"line":13,"column":50},"end":{"line":13,"column":65}}},"3":{"name":"(anonymous_3)","line":30,"loc":{"start":{"line":30,"column":17},"end":{"line":30,"column":32}}}},"statementMap":{"1":{"start":{"line":1,"column":0},"end":{"line":1,"column":27}},"2":{"start":{"line":2,"column":0},"end":{"line":2,"column":29}},"3":{"start":{"line":3,"column":0},"end":{"line":3,"column":31}},"4":{"start":{"line":4,"column":0},"end":{"line":4,"column":39}},"5":{"start":{"line":6,"column":0},"end":{"line":6,"column":32}},"6":{"start":{"line":7,"column":0},"end":{"line":7,"column":37}},"7":{"start":{"line":9,"column":0},"end":{"line":36,"column":2}},"8":{"start":{"line":11,"column":2},"end":{"line":11,"column":33}},"9":{"start":{"line":12,"column":2},"end":{"line":12,"column":34}},"10":{"start":{"line":13,"column":2},"end":{"line":34,"column":5}},"11":{"start":{"line":14,"column":4},"end":{"line":16,"column":5}},"12":{"start":{"line":15,"column":6},"end":{"line":15,"column":23}},"13":{"start":{"line":18,"column":4},"end":{"line":28,"column":7}},"14":{"start":{"line":30,"column":4},"end":{"line":33,"column":7}},"15":{"start":{"line":32,"column":6},"end":{"line":32,"column":31}},"16":{"start":{"line":35,"column":0},"end":{"line":35,"column":24}}},"branchMap":{"1":{"line":14,"type":"if","locations":[{"start":{"line":14,"column":4},"end":{"line":14,"column":4}},{"start":{"line":14,"column":4},"end":{"line":14,"column":4}}]}}},"/home/gethin/Documents/techtests/static-content-challenge/lib/home.js":{"path":"/home/gethin/Documents/techtests/static-content-challenge/lib/home.js","s":{"1":1,"2":1,"3":0,"4":0,"5":1,"6":1},"b":{},"f":{"1":1,"2":0},"fnMap":{"1":{"name":"(anonymous_1)","line":1,"loc":{"start":{"line":1,"column":19},"end":{"line":1,"column":51}}},"2":{"name":"(anonymous_2)","line":8,"loc":{"start":{"line":8,"column":17},"end":{"line":8,"column":42}}}},"statementMap":{"1":{"start":{"line":1,"column":0},"end":{"line":18,"column":2}},"2":{"start":{"line":3,"column":2},"end":{"line":15,"column":5}},"3":{"start":{"line":9,"column":10},"end":{"line":9,"column":36}},"4":{"start":{"line":10,"column":10},"end":{"line":10,"column":43}},"5":{"start":{"line":17,"column":2},"end":{"line":17,"column":16}},"6":{"start":{"line":20,"column":0},"end":{"line":22,"column":2}}},"branchMap":{}},"/home/gethin/Documents/techtests/static-content-challenge/lib/content.js":{"path":"/home/gethin/Documents/techtests/static-content-challenge/lib/content.js","s":{"1":1,"2":1,"3":1,"4":1,"5":1,"6":2,"7":2,"8":2,"9":2,"10":6,"11":2,"12":4,"13":2,"14":1,"15":1,"16":1,"17":1,"18":1,"19":1,"20":1,"21":1,"22":1,"23":1},"b":{"1":[1,1]},"f":{"1":1,"2":2,"3":6,"4":4,"5":1},"fnMap":{"1":{"name":"(anonymous_1)","line":5,"loc":{"start":{"line":5,"column":19},"end":{"line":5,"column":51}}},"2":{"name":"(anonymous_2)","line":12,"loc":{"start":{"line":12,"column":15},"end":{"line":12,"column":40}}},"3":{"name":"(anonymous_3)","line":19,"loc":{"start":{"line":19,"column":57},"end":{"line":19,"column":72}}},"4":{"name":"(anonymous_4)","line":22,"loc":{"start":{"line":22,"column":50},"end":{"line":22,"column":65}}},"5":{"name":"(anonymous_5)","line":33,"loc":{"start":{"line":33,"column":46},"end":{"line":33,"column":76}}}},"statementMap":{"1":{"start":{"line":1,"column":0},"end":{"line":1,"column":23}},"2":{"start":{"line":2,"column":0},"end":{"line":2,"column":27}},"3":{"start":{"line":3,"column":0},"end":{"line":3,"column":35}},"4":{"start":{"line":5,"column":0},"end":{"line":50,"column":2}},"5":{"start":{"line":7,"column":2},"end":{"line":47,"column":6}},"6":{"start":{"line":13,"column":8},"end":{"line":13,"column":37}},"7":{"start":{"line":14,"column":8},"end":{"line":14,"column":68}},"8":{"start":{"line":17,"column":8},"end":{"line":17,"column":48}},"9":{"start":{"line":19,"column":8},"end":{"line":21,"column":11}},"10":{"start":{"line":20,"column":10},"end":{"line":20,"column":69}},"11":{"start":{"line":22,"column":8},"end":{"line":24,"column":11}},"12":{"start":{"line":23,"column":10},"end":{"line":23,"column":48}},"13":{"start":{"line":27,"column":8},"end":{"line":29,"column":9}},"14":{"start":{"line":28,"column":10},"end":{"line":28,"column":51}},"15":{"start":{"line":31,"column":8},"end":{"line":31,"column":96}},"16":{"start":{"line":33,"column":8},"end":{"line":43,"column":11}},"17":{"start":{"line":34,"column":10},"end":{"line":34,"column":52}},"18":{"start":{"line":36,"column":10},"end":{"line":36,"column":51}},"19":{"start":{"line":37,"column":10},"end":{"line":37,"column":66}},"20":{"start":{"line":39,"column":10},"end":{"line":39,"column":48}},"21":{"start":{"line":40,"column":10},"end":{"line":42,"column":13}},"22":{"start":{"line":49,"column":2},"end":{"line":49,"column":16}},"23":{"start":{"line":52,"column":0},"end":{"line":54,"column":2}}},"branchMap":{"1":{"line":27,"type":"if","locations":[{"start":{"line":27,"column":8},"end":{"line":27,"column":8}},{"start":{"line":27,"column":8},"end":{"line":27,"column":8}}]}}}}